[INFO] Scanning for projects...
[INFO] 
[INFO] ---------------------< com.mugencrm:mugen-crm-api >---------------------
[INFO] Building mugen-crm-api 1.0.0
[INFO]   from pom.xml
[INFO] --------------------------------[ jar ]---------------------------------
[INFO] 
[INFO] >>> spring-boot:3.4.0:run (default-cli) > test-compile @ mugen-crm-api >>>
[INFO] 
[INFO] --- resources:3.3.1:resources (default-resources) @ mugen-crm-api ---
[INFO] Copying 1 resource from src\main\resources to target\classes
[INFO] Copying 0 resource from src\main\resources to target\classes
[INFO] 
[INFO] --- compiler:3.13.0:compile (default-compile) @ mugen-crm-api ---
[INFO] Nothing to compile - all classes are up to date.
[INFO] 
[INFO] --- resources:3.3.1:testResources (default-testResources) @ mugen-crm-api ---
[INFO] skip non existing resourceDirectory C:\Users\raghu\Desktop\mugen-crm-v2\backend\src\test\resources
[INFO] 
[INFO] --- compiler:3.13.0:testCompile (default-testCompile) @ mugen-crm-api ---
[INFO] No sources to compile
[INFO] 
[INFO] <<< spring-boot:3.4.0:run (default-cli) < test-compile @ mugen-crm-api <<<
[INFO] 
[INFO] 
[INFO] --- spring-boot:3.4.0:run (default-cli) @ mugen-crm-api ---
[INFO] Attaching agents: []

  .   ____          _            __ _ _
 /\\ / ___'_ __ _ _(_)_ __  __ _ \ \ \ \
( ( )\___ | '_ | '_| | '_ \/ _` | \ \ \ \
 \\/  ___)| |_)| | | | | || (_| |  ) ) ) )
  '  |____| .__|_| |_|_| |_\__, | / / / /
 =========|_|==============|___/=/_/_/_/

 :: Spring Boot ::                (v3.4.0)

2026-06-02T10:46:43.377+05:30  INFO 640 --- [           main] com.mugencrm.MugenCrmApplication         : Starting MugenCrmApplication using Java 25.0.2 with PID 640 (C:\Users\raghu\Desktop\mugen-crm-v2\backend\target\classes started by raghu in C:\Users\raghu\Desktop\mugen-crm-v2\backend)
2026-06-02T10:46:43.380+05:30  INFO 640 --- [           main] com.mugencrm.MugenCrmApplication         : No active profile set, falling back to 1 default profile: "default"
2026-06-02T10:46:43.917+05:30  INFO 640 --- [           main] .s.d.r.c.RepositoryConfigurationDelegate : Bootstrapping Spring Data JPA repositories in DEFAULT mode.
2026-06-02T10:46:43.965+05:30  INFO 640 --- [           main] .s.d.r.c.RepositoryConfigurationDelegate : Finished Spring Data repository scanning in 40 ms. Found 1 JPA repository interface.
WARNING: A restricted method in java.lang.System has been called
WARNING: java.lang.System::load has been called by org.apache.tomcat.jni.Library in an unnamed module (file:/C:/Users/raghu/.m2/repository/org/apache/tomcat/embed/tomcat-embed-core/10.1.33/tomcat-embed-core-10.1.33.jar)
WARNING: Use --enable-native-access=ALL-UNNAMED to avoid a warning for callers in this module
WARNING: Restricted methods will be blocked in a future release unless native access is enabled

2026-06-02T10:46:44.445+05:30  INFO 640 --- [           main] o.s.b.w.embedded.tomcat.TomcatWebServer  : Tomcat initialized with port 8080 (http)
2026-06-02T10:46:44.456+05:30  INFO 640 --- [           main] o.apache.catalina.core.StandardService   : Starting service [Tomcat]
2026-06-02T10:46:44.457+05:30  INFO 640 --- [           main] o.apache.catalina.core.StandardEngine    : Starting Servlet engine: [Apache Tomcat/10.1.33]
2026-06-02T10:46:44.511+05:30  INFO 640 --- [           main] o.a.c.c.C.[Tomcat].[localhost].[/]       : Initializing Spring embedded WebApplicationContext
2026-06-02T10:46:44.511+05:30  INFO 640 --- [           main] w.s.c.ServletWebServerApplicationContext : Root WebApplicationContext: initialization completed in 1083 ms
2026-06-02T10:46:44.536+05:30  INFO 640 --- [           main] com.zaxxer.hikari.HikariDataSource       : HikariPool-1 - Starting...
2026-06-02T10:46:44.719+05:30  INFO 640 --- [           main] com.zaxxer.hikari.pool.HikariPool        : HikariPool-1 - Added connection conn0: url=jdbc:h2:file:./data/mugencrm user=SA
2026-06-02T10:46:44.723+05:30  INFO 640 --- [           main] com.zaxxer.hikari.HikariDataSource       : HikariPool-1 - Start completed.
2026-06-02T10:46:44.733+05:30  INFO 640 --- [           main] o.s.b.a.h2.H2ConsoleAutoConfiguration    : H2 console available at '/h2-console'. Database available at 'jdbc:h2:file:./data/mugencrm'
2026-06-02T10:46:44.825+05:30  INFO 640 --- [           main] o.hibernate.jpa.internal.util.LogHelper  : HHH000204: Processing PersistenceUnitInfo [name: default]
2026-06-02T10:46:44.869+05:30  INFO 640 --- [           main] org.hibernate.Version                    : HHH000412: Hibernate ORM core version 6.6.2.Final
2026-06-02T10:46:44.895+05:30  INFO 640 --- [           main] o.h.c.internal.RegionFactoryInitiator    : HHH000026: Second-level cache disabled
2026-06-02T10:46:45.119+05:30  INFO 640 --- [           main] o.s.o.j.p.SpringPersistenceUnitInfo      : No LoadTimeWeaver setup: ignoring JPA class transformer
2026-06-02T10:46:45.155+05:30  WARN 640 --- [           main] org.hibernate.orm.deprecation            : HHH90000025: H2Dialect does not need to be specified explicitly using 'hibernate.dialect' (remove the property setting and it will be selected by default)
2026-06-02T10:46:45.167+05:30  INFO 640 --- [           main] org.hibernate.orm.connections.pooling    : HHH10001005: Database info:
	Database JDBC URL [Connecting through datasource 'HikariDataSource (HikariPool-1)']
	Database driver: undefined/unknown
	Database version: 2.3.232
	Autocommit mode: undefined/unknown
	Isolation level: undefined/unknown
	Minimum pool size: undefined/unknown
	Maximum pool size: undefined/unknown
2026-06-02T10:46:45.771+05:30  INFO 640 --- [           main] o.h.e.t.j.p.i.JtaPlatformInitiator       : HHH000489: No JTA platform available (set 'hibernate.transaction.jta.platform' to enable JTA platform integration)
2026-06-02T10:46:45.819+05:30  INFO 640 --- [           main] j.LocalContainerEntityManagerFactoryBean : Initialized JPA EntityManagerFactory for persistence unit 'default'
2026-06-02T10:46:46.125+05:30  INFO 640 --- [           main] o.s.d.j.r.query.QueryEnhancerFactory     : Hibernate is in classpath; If applicable, HQL parser will be used.
2026-06-02T10:46:46.633+05:30  WARN 640 --- [           main] JpaBaseConfiguration$JpaWebConfiguration : spring.jpa.open-in-view is enabled by default. Therefore, database queries may be performed during view rendering. Explicitly configure spring.jpa.open-in-view to disable this warning
2026-06-02T10:46:46.875+05:30  INFO 640 --- [           main] o.s.b.w.embedded.tomcat.TomcatWebServer  : Tomcat started on port 8080 (http) with context path '/'
2026-06-02T10:46:46.883+05:30  INFO 640 --- [           main] com.mugencrm.MugenCrmApplication         : Started MugenCrmApplication in 3.849 seconds (process running for 4.153)
2026-06-02T10:48:46.860+05:30  INFO 640 --- [nio-8080-exec-1] o.a.c.c.C.[Tomcat].[localhost].[/]       : Initializing Spring DispatcherServlet 'dispatcherServlet'
2026-06-02T10:48:46.860+05:30  INFO 640 --- [nio-8080-exec-1] o.s.web.servlet.DispatcherServlet        : Initializing Servlet 'dispatcherServlet'
2026-06-02T10:48:46.860+05:30  INFO 640 --- [nio-8080-exec-1] o.s.web.servlet.DispatcherServlet        : Completed initialization in 0 ms
2026-06-02T10:48:51.048+05:30  INFO 640 --- [nio-8080-exec-3] o.apache.tomcat.util.http.parser.Cookie  : A cookie header was received [g_state={"i_l":0,"i_ll":1779109201683,"i_e":{"enable_itp_optimization":23},"i_et":1776322135570,"i_b":"o6uaT58dEzRue9jqc28iQIQWiMtGnHaMANVZNqtVVvo"};] that contained an invalid cookie. That cookie will be ignored.
 Note: further occurrences of this error will be logged at DEBUG level.
